TN:
SF:src\controller\FilterController.js
FN:22,(anonymous_0)
FN:37,(anonymous_1)
FN:44,(anonymous_2)
FN:58,(anonymous_3)
FN:66,(anonymous_4)
FN:73,(anonymous_5)
FN:80,(anonymous_6)
FN:87,(anonymous_7)
FN:95,(anonymous_8)
FN:109,(anonymous_9)
FNF:10
FNH:10
FNDA:17,(anonymous_0)
FNDA:11,(anonymous_1)
FNDA:3,(anonymous_2)
FNDA:2,(anonymous_3)
FNDA:1,(anonymous_4)
FNDA:1,(anonymous_5)
FNDA:1,(anonymous_6)
FNDA:1,(anonymous_7)
FNDA:1,(anonymous_8)
FNDA:2,(anonymous_9)
DA:9,1
DA:10,1
DA:11,1
DA:12,1
DA:13,1
DA:14,1
DA:15,1
DA:16,1
DA:22,1
DA:23,17
DA:24,17
DA:25,17
DA:26,17
DA:27,17
DA:28,17
DA:29,17
DA:30,17
DA:37,1
DA:39,11
DA:40,4
DA:42,11
DA:43,4
DA:44,4
DA:45,3
DA:46,2
DA:47,2
DA:49,1
DA:50,1
DA:56,11
DA:57,11
DA:58,11
DA:59,2
DA:60,2
DA:65,11
DA:66,11
DA:67,1
DA:68,1
DA:72,11
DA:73,11
DA:74,1
DA:75,1
DA:79,11
DA:80,11
DA:81,1
DA:82,1
DA:86,11
DA:87,11
DA:88,1
DA:89,1
DA:94,11
DA:95,11
DA:96,1
DA:97,1
DA:98,1
DA:99,1
DA:100,1
DA:101,1
DA:109,1
DA:110,2
DA:111,2
DA:117,2
LF:61
LH:61
BRDA:39,0,0,4
BRDA:39,0,1,7
BRDA:42,1,0,4
BRDA:42,1,1,7
BRDA:45,2,0,2
BRDA:45,2,1,1
BRDA:56,3,0,11
BRDA:56,3,1,0
BRDA:65,4,0,11
BRDA:65,4,1,0
BRDA:72,5,0,11
BRDA:72,5,1,0
BRDA:79,6,0,11
BRDA:79,6,1,0
BRDA:86,7,0,11
BRDA:86,7,1,0
BRDA:94,8,0,11
BRDA:94,8,1,0
BRF:18
BRH:12
end_of_record
TN:
SF:src\controller\ModalManager.js
FN:21,(anonymous_0)
FN:34,(anonymous_1)
FN:49,(anonymous_2)
FN:65,(anonymous_3)
FN:75,(anonymous_4)
FN:83,(anonymous_5)
FN:92,(anonymous_6)
FN:100,(anonymous_7)
FN:108,(anonymous_8)
FNF:9
FNH:9
FNDA:17,(anonymous_0)
FNDA:14,(anonymous_1)
FNDA:15,(anonymous_2)
FNDA:17,(anonymous_3)
FNDA:2,(anonymous_4)
FNDA:5,(anonymous_5)
FNDA:2,(anonymous_6)
FNDA:2,(anonymous_7)
FNDA:6,(anonymous_8)
DA:11,1
DA:14,1
DA:21,1
DA:22,17
DA:23,1
DA:24,1
DA:26,16
DA:34,1
DA:35,14
DA:36,14
DA:37,1
DA:38,1
DA:41,13
DA:42,13
DA:49,1
DA:50,15
DA:51,2
DA:54,13
DA:55,13
DA:56,13
DA:57,13
DA:59,13
DA:65,1
DA:66,17
DA:67,9
DA:75,1
DA:76,2
DA:83,1
DA:84,5
DA:92,1
DA:93,2
DA:100,1
DA:101,2
DA:108,1
DA:109,6
LF:35
LH:35
BRDA:22,0,0,1
BRDA:22,0,1,16
BRDA:22,1,0,17
BRDA:22,1,1,17
BRDA:36,2,0,1
BRDA:36,2,1,13
BRDA:50,3,0,2
BRDA:50,3,1,13
BRDA:56,4,0,13
BRDA:56,4,1,0
BRDA:84,5,0,4
BRDA:84,5,1,1
BRF:12
BRH:11
end_of_record
TN:
SF:src\controller\MovieController.js
FN:37,(anonymous_0)
FN:59,(anonymous_1)
FN:67,(anonymous_2)
FN:76,(anonymous_3)
FN:89,(anonymous_4)
FN:94,(anonymous_5)
FN:109,(anonymous_6)
FN:126,(anonymous_7)
FN:134,(anonymous_8)
FN:142,(anonymous_9)
FN:149,(anonymous_10)
FN:152,(anonymous_11)
FN:157,(anonymous_12)
FN:162,(anonymous_13)
FN:165,(anonymous_14)
FN:170,(anonymous_15)
FN:197,(anonymous_16)
FN:212,(anonymous_17)
FN:255,(anonymous_18)
FN:269,(anonymous_19)
FN:290,(anonymous_20)
FN:299,(anonymous_21)
FN:301,(anonymous_22)
FN:302,(anonymous_23)
FN:303,(anonymous_24)
FN:307,(anonymous_25)
FN:308,(anonymous_26)
FN:309,(anonymous_27)
FN:313,(anonymous_28)
FN:314,(anonymous_29)
FN:315,(anonymous_30)
FN:319,(anonymous_31)
FN:320,(anonymous_32)
FN:321,(anonymous_33)
FN:325,(anonymous_34)
FN:326,(anonymous_35)
FN:327,(anonymous_36)
FN:331,(anonymous_37)
FN:332,(anonymous_38)
FN:333,(anonymous_39)
FN:340,(anonymous_40)
FN:351,(anonymous_41)
FN:358,(anonymous_42)
FN:372,(anonymous_43)
FNF:44
FNH:22
FNDA:20,(anonymous_0)
FNDA:7,(anonymous_1)
FNDA:6,(anonymous_2)
FNDA:0,(anonymous_3)
FNDA:19,(anonymous_4)
FNDA:1,(anonymous_5)
FNDA:1,(anonymous_6)
FNDA:1,(anonymous_7)
FNDA:1,(anonymous_8)
FNDA:1,(anonymous_9)
FNDA:1,(anonymous_10)
FNDA:1,(anonymous_11)
FNDA:1,(anonymous_12)
FNDA:1,(anonymous_13)
FNDA:1,(anonymous_14)
FNDA:1,(anonymous_15)
FNDA:0,(anonymous_16)
FNDA:4,(anonymous_17)
FNDA:1,(anonymous_18)
FNDA:2,(anonymous_19)
FNDA:1,(anonymous_20)
FNDA:19,(anonymous_21)
FNDA:0,(anonymous_22)
FNDA:0,(anonymous_23)
FNDA:0,(anonymous_24)
FNDA:0,(anonymous_25)
FNDA:0,(anonymous_26)
FNDA:0,(anonymous_27)
FNDA:0,(anonymous_28)
FNDA:0,(anonymous_29)
FNDA:0,(anonymous_30)
FNDA:0,(anonymous_31)
FNDA:0,(anonymous_32)
FNDA:0,(anonymous_33)
FNDA:0,(anonymous_34)
FNDA:0,(anonymous_35)
FNDA:0,(anonymous_36)
FNDA:0,(anonymous_37)
FNDA:0,(anonymous_38)
FNDA:0,(anonymous_39)
FNDA:1,(anonymous_40)
FNDA:0,(anonymous_41)
FNDA:0,(anonymous_42)
FNDA:2,(anonymous_43)
DA:16,1
DA:17,1
DA:18,1
DA:19,1
DA:20,1
DA:21,1
DA:22,1
DA:23,1
DA:24,1
DA:25,1
DA:26,1
DA:27,1
DA:28,1
DA:29,1
DA:30,1
DA:31,1
DA:37,1
DA:38,20
DA:39,20
DA:40,20
DA:41,20
DA:42,20
DA:43,20
DA:44,20
DA:45,20
DA:46,20
DA:47,20
DA:48,20
DA:49,20
DA:50,20
DA:51,20
DA:52,20
DA:53,20
DA:59,1
DA:60,7
DA:61,7
DA:67,1
DA:68,6
DA:69,6
DA:76,1
DA:77,0
DA:78,0
DA:79,0
DA:89,1
DA:91,19
DA:93,19
DA:94,19
DA:95,1
DA:96,1
DA:97,1
DA:98,1
DA:99,1
DA:100,1
DA:101,1
DA:108,19
DA:109,19
DA:110,1
DA:111,1
DA:112,1
DA:113,1
DA:114,1
DA:115,1
DA:125,19
DA:126,19
DA:127,1
DA:128,1
DA:133,19
DA:134,19
DA:135,1
DA:136,1
DA:141,19
DA:142,19
DA:143,1
DA:148,19
DA:149,19
DA:151,19
DA:152,19
DA:156,19
DA:157,19
DA:161,19
DA:162,19
DA:164,19
DA:165,19
DA:169,19
DA:170,19
DA:171,1
DA:176,19
DA:177,19
DA:181,19
DA:182,19
DA:186,19
DA:187,19
DA:191,19
DA:194,19
DA:197,19
DA:198,0
DA:202,19
DA:205,19
DA:212,1
DA:213,4
DA:215,4
DA:216,4
DA:217,4
DA:219,4
DA:220,1
DA:221,1
DA:223,3
DA:224,1
DA:225,1
DA:229,2
DA:230,2
DA:231,2
DA:232,2
DA:233,2
DA:234,2
DA:236,2
DA:237,1
DA:238,1
DA:241,1
DA:242,1
DA:245,2
DA:246,2
DA:248,2
DA:249,2
DA:255,1
DA:256,1
DA:257,1
DA:258,1
DA:259,1
DA:260,1
DA:261,1
DA:269,1
DA:270,2
DA:271,1
DA:272,1
DA:273,0
DA:274,0
DA:275,0
DA:276,0
DA:277,0
DA:278,0
DA:281,2
DA:282,0
DA:290,1
DA:291,1
DA:292,1
DA:299,1
DA:300,19
DA:301,0
DA:302,0
DA:303,0
DA:306,19
DA:307,0
DA:308,0
DA:309,0
DA:312,19
DA:313,0
DA:314,0
DA:315,0
DA:318,19
DA:319,0
DA:320,0
DA:321,0
DA:324,19
DA:325,0
DA:326,0
DA:327,0
DA:330,19
DA:331,0
DA:332,0
DA:333,0
DA:340,1
DA:341,1
DA:342,1
DA:343,1
DA:344,1
DA:351,1
DA:352,0
DA:353,0
DA:354,0
DA:355,0
DA:356,0
DA:359,0
DA:360,0
DA:365,0
DA:372,1
DA:373,2
DA:378,2
DA:379,2
DA:380,2
DA:384,2
DA:385,2
DA:386,2
DA:387,0
DA:388,0
DA:389,0
DA:390,0
DA:391,0
DA:394,2
DA:395,2
LF:200
LH:158
BRDA:93,0,0,19
BRDA:93,0,1,0
BRDA:96,1,0,1
BRDA:96,1,1,0
BRDA:99,2,0,1
BRDA:99,2,1,0
BRDA:108,3,0,19
BRDA:108,3,1,0
BRDA:112,4,0,1
BRDA:112,4,1,0
BRDA:125,5,0,19
BRDA:125,5,1,0
BRDA:133,6,0,19
BRDA:133,6,1,0
BRDA:141,7,0,19
BRDA:141,7,1,0
BRDA:148,8,0,19
BRDA:148,8,1,0
BRDA:151,9,0,19
BRDA:151,9,1,0
BRDA:156,10,0,19
BRDA:156,10,1,0
BRDA:161,11,0,19
BRDA:161,11,1,0
BRDA:164,12,0,19
BRDA:164,12,1,0
BRDA:169,13,0,19
BRDA:169,13,1,0
BRDA:176,14,0,19
BRDA:176,14,1,0
BRDA:181,15,0,19
BRDA:181,15,1,0
BRDA:186,16,0,19
BRDA:186,16,1,0
BRDA:219,17,0,1
BRDA:219,17,1,3
BRDA:223,18,0,1
BRDA:223,18,1,2
BRDA:236,19,0,1
BRDA:236,19,1,1
BRDA:237,20,0,1
BRDA:237,20,1,0
BRDA:257,21,0,1
BRDA:257,21,1,0
BRDA:270,22,0,1
BRDA:270,22,1,1
BRDA:271,23,0,1
BRDA:271,23,1,0
BRDA:273,24,0,0
BRDA:273,24,1,0
BRDA:275,25,0,0
BRDA:275,25,1,0
BRDA:277,26,0,0
BRDA:277,26,1,0
BRDA:281,27,0,0
BRDA:281,27,1,2
BRDA:291,28,0,1
BRDA:291,28,1,0
BRDA:342,29,0,1
BRDA:342,29,1,0
BRDA:353,30,0,0
BRDA:353,30,1,0
BRDA:353,31,0,0
BRDA:353,31,1,0
BRDA:355,32,0,0
BRDA:355,32,1,0
BRDA:355,33,0,0
BRDA:355,33,1,0
BRDA:379,34,0,2
BRDA:379,34,1,0
BRDA:386,35,0,0
BRDA:386,35,1,2
BRDA:386,36,0,2
BRDA:386,36,1,1
BRF:74
BRH:35
end_of_record
TN:
SF:src\controller\SearchController.js
FN:24,(anonymous_0)
FN:37,(anonymous_1)
FN:39,(anonymous_2)
FN:52,(anonymous_3)
FN:59,(anonymous_4)
FN:68,(anonymous_5)
FN:76,(anonymous_6)
FN:85,(anonymous_7)
FN:115,(anonymous_8)
FNF:9
FNH:9
FNDA:10,(anonymous_0)
FNDA:8,(anonymous_1)
FNDA:2,(anonymous_2)
FNDA:2,(anonymous_3)
FNDA:1,(anonymous_4)
FNDA:2,(anonymous_5)
FNDA:1,(anonymous_6)
FNDA:2,(anonymous_7)
FNDA:1,(anonymous_8)
DA:13,1
DA:14,1
DA:15,1
DA:16,1
DA:17,1
DA:18,1
DA:24,1
DA:25,10
DA:26,10
DA:27,10
DA:28,10
DA:29,10
DA:30,10
DA:37,1
DA:39,8
DA:40,2
DA:41,1
DA:42,1
DA:43,1
DA:46,1
DA:51,8
DA:52,8
DA:53,2
DA:58,8
DA:59,8
DA:60,1
DA:61,1
DA:62,1
DA:67,8
DA:68,8
DA:69,2
DA:70,2
DA:75,8
DA:76,8
DA:77,1
DA:78,1
DA:79,1
DA:84,8
DA:85,8
DA:86,2
DA:87,2
DA:88,2
DA:89,2
DA:91,2
DA:92,2
DA:94,2
DA:96,1
DA:97,1
DA:98,1
DA:101,1
DA:104,1
DA:105,1
DA:115,1
DA:116,1
DA:117,1
DA:119,1
LF:56
LH:56
BRDA:40,0,0,1
BRDA:40,0,1,1
BRDA:42,1,0,1
BRDA:42,1,1,0
BRDA:51,2,0,8
BRDA:51,2,1,0
BRDA:58,3,0,8
BRDA:58,3,1,0
BRDA:67,4,0,8
BRDA:67,4,1,0
BRDA:75,5,0,8
BRDA:75,5,1,0
BRDA:84,6,0,8
BRDA:84,6,1,0
BRDA:87,7,0,2
BRDA:87,7,1,0
BRDA:94,8,0,1
BRDA:94,8,1,1
BRDA:116,9,0,1
BRDA:116,9,1,0
BRF:20
BRH:12
end_of_record
TN:
SF:src\model\ApiService.js
FN:13,(anonymous_0)
FN:21,(anonymous_1)
FN:29,(anonymous_2)
FN:63,(anonymous_3)
FN:83,(anonymous_4)
FN:84,(anonymous_5)
FN:110,(anonymous_6)
FN:122,(anonymous_7)
FN:139,(anonymous_8)
FNF:9
FNH:9
FNDA:26,(anonymous_0)
FNDA:2,(anonymous_1)
FNDA:5,(anonymous_2)
FNDA:3,(anonymous_3)
FNDA:1,(anonymous_4)
FNDA:2,(anonymous_5)
FNDA:5,(anonymous_6)
FNDA:3,(anonymous_7)
FNDA:2,(anonymous_8)
DA:7,1
DA:13,1
DA:14,26
DA:21,2
DA:29,1
DA:30,5
DA:31,1
DA:32,1
DA:34,4
DA:35,1
DA:37,3
DA:40,3
DA:41,3
DA:42,3
DA:43,2
DA:44,1
DA:45,1
DA:46,1
DA:48,1
DA:49,1
DA:51,1
DA:52,1
DA:53,1
DA:63,1
DA:64,3
DA:65,1
DA:66,1
DA:68,2
DA:71,2
DA:72,2
DA:76,2
DA:77,0
DA:78,0
DA:79,0
DA:81,2
DA:82,2
DA:83,2
DA:84,2
DA:85,2
DA:96,2
DA:98,0
DA:99,0
DA:100,0
DA:110,1
DA:111,5
DA:112,1
DA:113,1
DA:115,4
DA:118,4
DA:119,4
DA:120,4
DA:121,4
DA:122,3
DA:124,2
DA:125,2
DA:128,0
DA:129,0
DA:139,1
DA:140,2
DA:141,2
DA:142,1
DA:144,1
LF:62
LH:54
BRDA:30,0,0,1
BRDA:30,0,1,4
BRDA:34,1,0,1
BRDA:34,1,1,3
BRDA:43,2,0,1
BRDA:43,2,1,1
BRDA:45,3,0,1
BRDA:45,3,1,0
BRDA:64,4,0,1
BRDA:64,4,1,2
BRDA:76,5,0,0
BRDA:76,5,1,2
BRDA:76,6,0,2
BRDA:76,6,1,2
BRDA:77,7,0,0
BRDA:77,7,1,0
BRDA:78,8,0,0
BRDA:78,8,1,0
BRDA:93,9,0,1
BRDA:93,9,1,1
BRDA:111,10,0,1
BRDA:111,10,1,4
BRDA:121,11,0,2
BRDA:121,11,1,2
BRDA:121,12,0,4
BRDA:121,12,1,4
BRDA:141,13,0,1
BRDA:141,13,1,1
BRDA:141,14,0,2
BRDA:141,14,1,1
BRF:30
BRH:24
end_of_record
TN:
SF:src\model\MovieModel.js
FN:22,(anonymous_0)
FN:23,(anonymous_1)
FN:24,(anonymous_2)
FN:25,(anonymous_3)
FN:26,(anonymous_4)
FN:27,(anonymous_5)
FN:28,(anonymous_6)
FN:29,(anonymous_7)
FN:32,(anonymous_8)
FN:33,(anonymous_9)
FN:34,(anonymous_10)
FN:35,(anonymous_11)
FN:36,(anonymous_12)
FN:37,(anonymous_13)
FN:38,(anonymous_14)
FN:39,(anonymous_15)
FN:47,(anonymous_16)
FN:84,(anonymous_17)
FN:96,(anonymous_18)
FN:106,(anonymous_19)
FN:107,(anonymous_20)
FN:120,(anonymous_21)
FN:121,(anonymous_22)
FN:134,(anonymous_23)
FN:135,(anonymous_24)
FN:142,(anonymous_25)
FN:144,(anonymous_26)
FN:154,(anonymous_27)
FN:179,(anonymous_28)
FNF:29
FNH:29
FNDA:5,(anonymous_0)
FNDA:1,(anonymous_1)
FNDA:1,(anonymous_2)
FNDA:2,(anonymous_3)
FNDA:3,(anonymous_4)
FNDA:2,(anonymous_5)
FNDA:2,(anonymous_6)
FNDA:2,(anonymous_7)
FNDA:53,(anonymous_8)
FNDA:37,(anonymous_9)
FNDA:37,(anonymous_10)
FNDA:8,(anonymous_11)
FNDA:4,(anonymous_12)
FNDA:3,(anonymous_13)
FNDA:3,(anonymous_14)
FNDA:3,(anonymous_15)
FNDA:6,(anonymous_16)
FNDA:3,(anonymous_17)
FNDA:1,(anonymous_18)
FNDA:2,(anonymous_19)
FNDA:1,(anonymous_20)
FNDA:2,(anonymous_21)
FNDA:1,(anonymous_22)
FNDA:3,(anonymous_23)
FNDA:3,(anonymous_24)
FNDA:12,(anonymous_25)
FNDA:35,(anonymous_26)
FNDA:23,(anonymous_27)
FNDA:37,(anonymous_28)
DA:6,3
DA:7,3
DA:8,3
DA:9,3
DA:12,3
DA:13,3
DA:14,3
DA:15,3
DA:16,3
DA:17,3
DA:18,3
DA:19,3
DA:22,5
DA:23,3
DA:24,3
DA:25,3
DA:26,3
DA:27,3
DA:28,3
DA:29,3
DA:32,53
DA:33,37
DA:34,37
DA:35,8
DA:36,4
DA:37,3
DA:38,3
DA:39,3
DA:47,3
DA:48,6
DA:51,6
DA:52,6
DA:53,5
DA:55,1
DA:56,1
DA:60,6
DA:61,6
DA:62,1
DA:63,1
DA:64,1
DA:66,5
DA:67,5
DA:71,6
DA:72,6
DA:73,6
DA:74,6
DA:75,6
DA:77,6
DA:84,3
DA:85,3
DA:86,3
DA:87,1
DA:88,1
DA:96,3
DA:97,1
DA:106,3
DA:107,2
DA:108,2
DA:109,1
DA:110,1
DA:112,1
DA:120,3
DA:121,2
DA:122,2
DA:123,1
DA:124,1
DA:126,1
DA:134,3
DA:135,3
DA:142,3
DA:144,12
DA:145,35
DA:146,35
DA:147,35
DA:148,35
DA:150,35
DA:154,12
DA:155,23
DA:157,3
DA:159,4
DA:161,7
DA:163,4
DA:165,2
DA:167,2
DA:169,1
DA:173,12
DA:179,3
DA:180,37
DA:181,37
DA:182,37
DA:183,37
LF:91
LH:91
BRDA:52,0,0,5
BRDA:52,0,1,1
BRDA:52,1,0,6
BRDA:52,1,1,6
BRDA:56,2,0,1
BRDA:56,2,1,0
BRDA:56,3,0,1
BRDA:56,3,1,1
BRDA:61,4,0,1
BRDA:61,4,1,5
BRDA:86,5,0,1
BRDA:86,5,1,2
BRDA:108,6,0,1
BRDA:108,6,1,1
BRDA:122,7,0,1
BRDA:122,7,1,1
BRDA:145,8,0,35
BRDA:145,8,1,3
BRDA:145,8,2,3
BRDA:146,9,0,35
BRDA:146,9,1,3
BRDA:146,9,2,3
BRDA:147,10,0,35
BRDA:147,10,1,3
BRDA:147,10,2,3
BRDA:148,11,0,35
BRDA:148,11,1,3
BRDA:148,11,2,3
BRDA:150,12,0,35
BRDA:150,12,1,33
BRDA:150,12,2,32
BRDA:150,12,3,30
BRDA:155,13,0,3
BRDA:155,13,1,4
BRDA:155,13,2,7
BRDA:155,13,3,4
BRDA:155,13,4,2
BRDA:155,13,5,2
BRDA:155,13,6,1
BRDA:161,14,0,7
BRDA:161,14,1,0
BRDA:161,15,0,7
BRDA:161,15,1,0
BRDA:163,16,0,4
BRDA:163,16,1,0
BRDA:163,17,0,4
BRDA:163,17,1,0
BRF:47
BRH:42
end_of_record
TN:
SF:src\view\ModalView.js
FN:40,(anonymous_0)
FN:77,(anonymous_1)
FN:84,(anonymous_2)
FN:118,(anonymous_3)
FN:128,(anonymous_4)
FN:137,(anonymous_5)
FN:140,(anonymous_6)
FN:165,(anonymous_7)
FN:174,(anonymous_8)
FN:183,(anonymous_9)
FN:192,(anonymous_10)
FN:201,(anonymous_11)
FN:210,(anonymous_12)
FN:220,(anonymous_13)
FN:231,(anonymous_14)
FN:239,(anonymous_15)
FN:247,(anonymous_16)
FN:255,(anonymous_17)
FN:263,(anonymous_18)
FN:271,(anonymous_19)
FN:286,(anonymous_20)
FNF:21
FNH:18
FNDA:18,(anonymous_0)
FNDA:3,(anonymous_1)
FNDA:1,(anonymous_2)
FNDA:1,(anonymous_3)
FNDA:1,(anonymous_4)
FNDA:0,(anonymous_5)
FNDA:0,(anonymous_6)
FNDA:1,(anonymous_7)
FNDA:1,(anonymous_8)
FNDA:1,(anonymous_9)
FNDA:1,(anonymous_10)
FNDA:1,(anonymous_11)
FNDA:1,(anonymous_12)
FNDA:1,(anonymous_13)
FNDA:2,(anonymous_14)
FNDA:2,(anonymous_15)
FNDA:2,(anonymous_16)
FNDA:2,(anonymous_17)
FNDA:2,(anonymous_18)
FNDA:0,(anonymous_19)
FNDA:1,(anonymous_20)
DA:8,1
DA:9,1
DA:10,1
DA:11,1
DA:12,1
DA:13,1
DA:14,1
DA:15,1
DA:16,1
DA:18,1
DA:19,1
DA:20,1
DA:21,1
DA:22,1
DA:23,1
DA:24,1
DA:25,1
DA:26,1
DA:27,1
DA:28,1
DA:29,1
DA:30,1
DA:32,1
DA:33,1
DA:34,1
DA:40,1
DA:41,18
DA:42,18
DA:43,18
DA:44,18
DA:45,18
DA:46,18
DA:47,18
DA:48,18
DA:49,18
DA:51,18
DA:52,18
DA:53,18
DA:54,18
DA:55,18
DA:56,18
DA:57,18
DA:58,18
DA:59,18
DA:60,18
DA:61,18
DA:62,18
DA:63,18
DA:65,18
DA:66,18
DA:67,18
DA:77,1
DA:78,3
DA:80,3
DA:81,1
DA:82,1
DA:84,1
DA:85,1
DA:86,1
DA:87,1
DA:90,1
DA:92,1
DA:93,1
DA:94,1
DA:95,1
DA:96,1
DA:99,2
DA:100,2
DA:102,2
DA:104,2
DA:105,2
DA:106,2
DA:107,2
DA:108,2
DA:111,3
DA:112,3
DA:118,1
DA:119,1
DA:120,1
DA:128,1
DA:129,1
DA:130,1
DA:131,1
DA:132,1
DA:133,1
DA:134,1
DA:137,1
DA:138,0
DA:140,1
DA:141,0
DA:145,1
DA:146,0
DA:147,0
DA:149,1
DA:152,1
DA:153,0
DA:154,0
DA:156,1
DA:159,1
DA:165,1
DA:166,1
DA:167,1
DA:174,1
DA:175,1
DA:176,1
DA:183,1
DA:184,1
DA:185,1
DA:192,1
DA:193,1
DA:194,1
DA:201,1
DA:202,1
DA:203,1
DA:210,1
DA:211,1
DA:212,1
DA:213,1
DA:220,1
DA:221,1
DA:222,1
DA:223,1
DA:231,1
DA:232,2
DA:239,1
DA:240,2
DA:247,1
DA:248,2
DA:255,1
DA:256,2
DA:263,1
DA:264,2
DA:271,1
DA:272,0
DA:286,1
DA:287,1
DA:288,1
LF:137
LH:130
BRDA:80,0,0,1
BRDA:80,0,1,2
BRDA:85,1,0,1
BRDA:85,1,1,0
BRDA:86,2,0,1
BRDA:86,2,1,0
BRDA:87,3,0,1
BRDA:87,3,1,0
BRDA:92,4,0,1
BRDA:92,4,1,1
BRDA:93,5,0,1
BRDA:93,5,1,1
BRDA:94,6,0,1
BRDA:94,6,1,1
BRDA:95,7,0,1
BRDA:95,7,1,1
BRDA:96,8,0,1
BRDA:96,8,1,1
BRDA:119,9,0,1
BRDA:119,9,1,0
BRDA:130,10,0,1
BRDA:130,10,1,0
BRDA:131,11,0,1
BRDA:131,11,1,0
BRDA:131,12,0,1
BRDA:131,12,1,1
BRDA:132,13,0,1
BRDA:132,13,1,0
BRDA:133,14,0,1
BRDA:133,14,1,0
BRDA:134,15,0,0
BRDA:134,15,1,1
BRDA:145,16,0,0
BRDA:145,16,1,1
BRDA:152,17,0,0
BRDA:152,17,1,1
BRDA:166,18,0,1
BRDA:166,18,1,0
BRDA:175,19,0,1
BRDA:175,19,1,0
BRDA:184,20,0,1
BRDA:184,20,1,0
BRDA:193,21,0,1
BRDA:193,21,1,0
BRDA:202,22,0,1
BRDA:202,22,1,0
BRDA:211,23,0,1
BRDA:211,23,1,0
BRDA:221,24,0,1
BRDA:221,24,1,0
BRDA:232,25,0,2
BRDA:232,25,1,2
BRDA:240,26,0,2
BRDA:240,26,1,2
BRDA:248,27,0,2
BRDA:248,27,1,2
BRDA:256,28,0,2
BRDA:256,28,1,2
BRDA:264,29,0,2
BRDA:264,29,1,2
BRDA:287,30,0,1
BRDA:287,30,1,0
BRF:62
BRH:43
end_of_record
TN:
SF:src\view\MovieListView.js
FN:22,(anonymous_0)
FN:38,(anonymous_1)
FN:48,(anonymous_2)
FN:50,(anonymous_3)
FN:65,(anonymous_4)
FN:75,(anonymous_5)
FN:86,(anonymous_6)
FN:87,(anonymous_7)
FN:97,(anonymous_8)
FN:110,(anonymous_9)
FN:117,(anonymous_10)
FN:168,(anonymous_11)
FN:175,(anonymous_12)
FN:198,(anonymous_13)
FNF:14
FNH:14
FNDA:15,(anonymous_0)
FNDA:4,(anonymous_1)
FNDA:13,(anonymous_2)
FNDA:5,(anonymous_3)
FNDA:3,(anonymous_4)
FNDA:2,(anonymous_5)
FNDA:1,(anonymous_6)
FNDA:2,(anonymous_7)
FNDA:3,(anonymous_8)
FNDA:6,(anonymous_9)
FNDA:5,(anonymous_10)
FNDA:4,(anonymous_11)
FNDA:3,(anonymous_12)
FNDA:1,(anonymous_13)
DA:9,1
DA:10,1
DA:11,1
DA:12,1
DA:13,1
DA:14,1
DA:15,1
DA:16,1
DA:22,1
DA:23,15
DA:24,15
DA:25,15
DA:26,15
DA:27,15
DA:28,15
DA:29,15
DA:30,15
DA:38,1
DA:39,4
DA:40,0
DA:43,4
DA:44,4
DA:45,4
DA:46,4
DA:48,4
DA:49,13
DA:50,5
DA:52,13
DA:53,3
DA:55,13
DA:56,3
DA:58,13
DA:59,4
DA:64,4
DA:65,4
DA:66,3
DA:67,3
DA:68,3
DA:69,3
DA:71,4
DA:74,4
DA:75,4
DA:76,2
DA:77,2
DA:78,2
DA:79,2
DA:81,4
DA:84,4
DA:85,4
DA:86,1
DA:88,2
DA:89,2
DA:90,2
DA:91,2
DA:93,4
DA:96,4
DA:97,4
DA:98,3
DA:99,3
DA:100,3
DA:101,3
DA:103,4
DA:110,1
DA:111,6
DA:112,6
DA:113,2
DA:114,2
DA:117,4
DA:118,5
DA:119,5
DA:120,5
DA:122,5
DA:125,5
DA:126,5
DA:129,5
DA:130,5
DA:131,5
DA:133,5
DA:134,5
DA:136,5
DA:146,5
DA:148,5
DA:151,5
DA:152,5
DA:153,5
DA:154,5
DA:155,5
DA:157,0
DA:168,1
DA:169,4
DA:170,4
DA:171,1
DA:172,1
DA:175,3
DA:176,3
DA:177,3
DA:178,3
DA:182,3
DA:191,3
DA:198,1
DA:199,1
DA:200,1
LF:102
LH:100
BRDA:39,0,0,0
BRDA:39,0,1,4
BRDA:39,1,0,4
BRDA:39,1,1,0
BRDA:49,2,0,3
BRDA:49,2,1,10
BRDA:52,3,0,3
BRDA:52,3,1,10
BRDA:55,4,0,3
BRDA:55,4,1,10
BRDA:58,5,0,4
BRDA:58,5,1,9
BRDA:112,6,0,2
BRDA:112,6,1,4
BRDA:122,7,0,5
BRDA:122,7,1,0
BRDA:125,8,0,5
BRDA:125,8,1,0
BRDA:126,9,0,0
BRDA:126,9,1,5
BRDA:129,10,0,0
BRDA:129,10,1,5
BRDA:130,11,0,5
BRDA:130,11,1,0
BRDA:153,12,0,5
BRDA:153,12,1,0
BRDA:153,13,0,5
BRDA:153,13,1,5
BRDA:154,14,0,5
BRDA:154,14,1,0
BRDA:168,15,0,0
BRDA:170,16,0,1
BRDA:170,16,1,3
BRDA:170,17,0,4
BRDA:170,17,1,2
BRDA:178,18,0,3
BRDA:178,18,1,0
BRDA:186,19,0,3
BRDA:186,19,1,0
BRDA:199,20,0,1
BRDA:199,20,1,0
BRF:41
BRH:28
end_of_record
TN:
SF:src\view\PosterGridView.js
FN:24,(anonymous_0)
FN:36,(anonymous_1)
FN:54,(anonymous_2)
FN:74,(anonymous_3)
FN:88,(anonymous_4)
FN:103,(anonymous_5)
FN:114,(anonymous_6)
FN:124,(anonymous_7)
FN:141,(anonymous_8)
FNF:9
FNH:9
FNDA:14,(anonymous_0)
FNDA:4,(anonymous_1)
FNDA:13,(anonymous_2)
FNDA:6,(anonymous_3)
FNDA:14,(anonymous_4)
FNDA:2,(anonymous_5)
FNDA:2,(anonymous_6)
FNDA:1,(anonymous_7)
FNDA:2,(anonymous_8)
DA:6,1
DA:9,1
DA:10,1
DA:11,1
DA:14,1
DA:15,1
DA:16,1
DA:17,1
DA:18,1
DA:24,1
DA:25,14
DA:26,14
DA:27,14
DA:30,14
DA:31,14
DA:35,14
DA:36,14
DA:37,4
DA:38,1
DA:44,14
DA:45,14
DA:54,1
DA:55,13
DA:57,13
DA:58,13
DA:59,13
DA:62,13
DA:65,13
DA:68,13
DA:74,1
DA:75,6
DA:76,6
DA:78,6
DA:79,6
DA:80,6
DA:88,1
DA:89,14
DA:91,14
DA:92,72
DA:93,72
DA:94,72
DA:95,72
DA:97,72
DA:98,72
DA:99,72
DA:100,72
DA:102,72
DA:103,72
DA:104,72
DA:107,14
DA:114,1
DA:115,2
DA:116,2
DA:118,2
DA:124,1
DA:125,1
DA:127,1
DA:130,1
DA:131,1
DA:132,1
DA:141,1
DA:142,2
LF:62
LH:62
BRDA:30,0,0,14
BRDA:30,0,1,0
BRDA:35,1,0,14
BRDA:35,1,1,0
BRDA:37,2,0,1
BRDA:37,2,1,3
BRDA:44,3,0,14
BRDA:44,3,1,0
BRDA:55,4,0,0
BRDA:55,4,1,13
BRDA:55,5,0,13
BRDA:55,5,1,13
BRDA:75,6,0,6
BRDA:75,6,1,0
BRDA:115,7,0,2
BRDA:115,7,1,0
BRDA:125,8,0,0
BRDA:125,8,1,1
BRDA:130,9,0,1
BRDA:130,9,1,0
BRDA:131,10,0,1
BRDA:131,10,1,0
BRDA:142,11,0,2
BRDA:142,11,1,2
BRF:24
BRH:15
end_of_record
TN:
SF:src\view\UIHelpers.js
FN:20,(anonymous_0)
FN:35,(anonymous_1)
FN:41,(anonymous_2)
FN:50,(anonymous_3)
FN:54,(anonymous_4)
FN:65,(anonymous_5)
FN:87,(anonymous_6)
FN:99,(anonymous_7)
FN:111,(anonymous_8)
FN:122,(anonymous_9)
FN:134,(anonymous_10)
FN:140,(anonymous_11)
FN:147,(anonymous_12)
FN:160,(anonymous_13)
FN:165,(anonymous_14)
FN:181,(anonymous_15)
FN:193,(anonymous_16)
FN:195,(anonymous_17)
FN:197,(anonymous_18)
FNF:19
FNH:14
FNDA:20,(anonymous_0)
FNDA:4,(anonymous_1)
FNDA:0,(anonymous_2)
FNDA:1,(anonymous_3)
FNDA:0,(anonymous_4)
FNDA:47,(anonymous_5)
FNDA:7,(anonymous_6)
FNDA:12,(anonymous_7)
FNDA:5,(anonymous_8)
FNDA:0,(anonymous_9)
FNDA:0,(anonymous_10)
FNDA:2,(anonymous_11)
FNDA:4,(anonymous_12)
FNDA:2,(anonymous_13)
FNDA:0,(anonymous_14)
FNDA:4,(anonymous_15)
FNDA:3,(anonymous_16)
FNDA:4,(anonymous_17)
FNDA:3,(anonymous_18)
DA:8,1
DA:9,1
DA:10,1
DA:11,1
DA:12,1
DA:13,1
DA:14,1
DA:20,1
DA:21,20
DA:22,20
DA:23,20
DA:24,20
DA:25,20
DA:26,20
DA:27,20
DA:35,1
DA:36,4
DA:37,3
DA:38,3
DA:39,3
DA:40,3
DA:41,3
DA:42,0
DA:50,1
DA:51,1
DA:52,1
DA:53,1
DA:54,1
DA:55,0
DA:65,1
DA:66,47
DA:67,47
DA:68,47
DA:70,47
DA:71,235
DA:72,118
DA:73,117
DA:74,21
DA:76,96
DA:79,47
DA:87,1
DA:88,7
DA:89,6
DA:90,6
DA:91,1
DA:93,5
DA:95,6
DA:98,6
DA:99,6
DA:100,12
DA:101,6
DA:103,6
DA:111,1
DA:112,5
DA:115,4
DA:118,4
DA:119,4
DA:120,4
DA:121,4
DA:122,4
DA:123,4
DA:126,4
DA:127,40
DA:128,40
DA:129,40
DA:131,40
DA:132,40
DA:134,40
DA:135,40
DA:139,4
DA:140,4
DA:141,2
DA:142,2
DA:147,4
DA:148,4
DA:149,4
DA:160,1
DA:161,2
DA:162,2
DA:163,2
DA:164,2
DA:165,2
DA:166,0
DA:167,0
DA:168,0
DA:170,0
DA:173,2
DA:181,1
DA:182,4
DA:183,2
DA:184,2
DA:193,1
DA:195,3
DA:196,4
DA:197,4
DA:198,3
LF:96
LH:90
BRDA:36,0,0,1
BRDA:36,0,1,3
BRDA:51,1,0,0
BRDA:51,1,1,1
BRDA:65,2,0,5
BRDA:68,3,0,41
BRDA:68,3,1,6
BRDA:71,4,0,118
BRDA:71,4,1,117
BRDA:73,5,0,21
BRDA:73,5,1,96
BRDA:88,6,0,1
BRDA:88,6,1,6
BRDA:90,7,0,1
BRDA:90,7,1,5
BRDA:100,8,0,6
BRDA:100,8,1,6
BRDA:112,9,0,1
BRDA:112,9,1,4
BRDA:139,10,0,4
BRDA:139,10,1,0
BRDA:148,11,0,4
BRDA:148,11,1,0
BRDA:148,12,0,4
BRDA:148,12,1,4
BRDA:167,13,0,0
BRDA:167,13,1,0
BRDA:182,14,0,2
BRDA:182,14,1,2
BRF:29
BRH:24
end_of_record
